<?xml version="1.0" encoding="UTF-8"?>
<testng-results skipped="0" failed="0" total="1" passed="1">
  <reporter-output>
  </reporter-output>
  <suite name="Suite" duration-ms="60694" started-at="2016-02-24T06:14:08Z" finished-at="2016-02-24T06:15:09Z">
    <groups>
    </groups>
    <test name="Test" duration-ms="60694" started-at="2016-02-24T06:14:08Z" finished-at="2016-02-24T06:15:09Z">
      <class name="com.learnautomation.selenium.NewTest">
        <test-method status="PASS" signature="f()[pri:0, instance:com.learnautomation.selenium.NewTest@2a009175]" name="f" duration-ms="60680" started-at="2016-02-24T11:44:08Z" finished-at="2016-02-24T11:45:09Z">
          <reporter-output>
          </reporter-output>
        </test-method> <!-- f -->
      </class> <!-- com.learnautomation.selenium.NewTest -->
    </test> <!-- Test -->
  </suite> <!-- Suite -->
</testng-results>
